# configure exec: ./configure --prefix=/Users/laizhijing/Documents/大三/112-2/分散式系統/mid/Kafka_connect/node_modules/node-rdkafka/build/deps --libdir=/Users/laizhijing/Documents/大三/112-2/分散式系統/mid/Kafka_connect/node_modules/node-rdkafka/build/deps --prefix=/Users/laizhijing/Documents/大三/112-2/分散式系統/mid/Kafka_connect/node_modules/node-rdkafka/build/deps --libdir=/Users/laizhijing/Documents/大三/112-2/分散式系統/mid/Kafka_connect/node_modules/node-rdkafka/build/deps
# On 2024年 5月26日 週日 16時36分27秒 CST
DBG 49830: Setting distro (distro) status to ok (action ignore)
DBG 49830: ccenv: WITH_CC:  --version failed: mklove/modules/configure.base: line 1824: --version: command not found
DBG 49830: Setting ccenv (ccenv) status to failed (action cont)
DBG 49830: Check ccenv (WITH_CC, action cont (originally cont)) failed: command ' --version' failed:
mklove/modules/configure.base: line 1824: --version: command not found
DBG 49830: Setting gcc (gcc) status to ok (action cont)
DBG 49830: cxxenv: WITH_CXX:  --version failed: mklove/modules/configure.base: line 1824: --version: command not found
DBG 49830: Setting cxxenv (cxxenv) status to failed (action cont)
DBG 49830: Check cxxenv (WITH_CXX, action cont (originally cont)) failed: command ' --version' failed:
mklove/modules/configure.base: line 1824: --version: command not found
DBG 49830: Setting gxx (gxx) status to ok (action cont)
DBG 49830: Setting ld (ld) status to ok (action disable)
DBG 49830: Setting nm (nm) status to ok (action disable)
DBG 49830: Setting objdump (objdump) status to ok (action disable)
DBG 49830: Setting strip (strip) status to ok (action disable)
DBG 49830: Setting libtool (libtool) status to ok (action disable)
DBG 49830: Setting ranlib (ranlib) status to ok (action disable)
DBG 49830: Compile check cc_g_dwarf () (sub=0): gcc   -Wall -Werror _mkltmp0EwnFV.c -o _mkltmp0EwnFV.c.o  -L/Users/laizhijing/Documents/大三/112-2/分散式系統/mid/Kafka_connect/node_modules/node-rdkafka/build/deps -gstrict-dwarf 
DBG 49830: Setting cc_g_dwarf (cc_g_dwarf) status to ok (action cont)
DBG 49830: pkgconfig: WITH_PKGCONFIG: pkg-config --version failed: mklove/modules/configure.base: line 1824: pkg-config: command not found
DBG 49830: Setting pkgconfig (pkgconfig) status to failed (action cont)
DBG 49830: Check pkgconfig (WITH_PKGCONFIG, action cont (originally cont)) failed: command 'pkg-config --version' failed:
mklove/modules/configure.base: line 1824: pkg-config: command not found
DBG 49830: install: WITH_INSTALL: /usr/bin/install --version failed: /usr/bin/install: illegal option -- -
usage: install [-bCcpSsv] [-B suffix] [-f flags] [-g group] [-m mode]
               [-o owner] file1 file2
       install [-bCcpSsv] [-B suffix] [-f flags] [-g group] [-m mode]
               [-o owner] file1 ... fileN directory
       install -d [-v] [-g group] [-m mode] [-o owner] directory ...
DBG 49830: Setting install (install) status to failed (action cont)
DBG 49830: Check install (WITH_INSTALL, action cont (originally cont)) failed: command '/usr/bin/install --version' failed:
/usr/bin/install: illegal option -- -
usage: install [-bCcpSsv] [-B suffix] [-f flags] [-g group] [-m mode]
               [-o owner] file1 file2
       install [-bCcpSsv] [-B suffix] [-f flags] [-g group] [-m mode]
               [-o owner] file1 ... fileN directory
       install -d [-v] [-g group] [-m mode] [-o owner] directory ...
DBG 49830: gnuar: HAS_GNU_AR: ar -V 2>/dev/null | grep -q GNU failed: ar: one of options -dmpqrtsx is required
usage:  ar -d [-TLsv] archive file ...
	ar -m [-TLsv] archive file ...
	ar -m [-abiTLsv] position archive file ...
	ar -p [-TLsv] archive [file ...]
	ar -q [-cTLsv] archive file ...
	ar -r [-cuTLsv] archive file ...
	ar -r [-abciuTLsv] position archive file ...
	ar -t [-TLsv] archive [file ...]
	ar -x [-ouTLsv] archive [file ...]
DBG 49830: Setting gnuar (gnuar) status to failed (action disable)
DBG 49830: Check gnuar (HAS_GNU_AR, action disable (originally disable)) failed: command 'ar -V 2>/dev/null | grep -q GNU' failed:
ar: one of options -dmpqrtsx is required
usage:  ar -d [-TLsv] archive file ...
	ar -m [-TLsv] archive file ...
	ar -m [-abiTLsv] position archive file ...
	ar -p [-TLsv] archive [file ...]
	ar -q [-cTLsv] archive file ...
	ar -r [-cuTLsv] archive file ...
	ar -r [-abciuTLsv] position archive file ...
	ar -t [-TLsv] archive [file ...]
	ar -x [-ouTLsv] archive [file ...]
DBG 49830: Compile check PIC (HAVE_PIC) (sub=0): gcc  -gstrict-dwarf -O2 -Wall -Werror _mkltmpXspxAr.c -o _mkltmpXspxAr.c.o  -L/Users/laizhijing/Documents/大三/112-2/分散式系統/mid/Kafka_connect/node_modules/node-rdkafka/build/deps -fPIC 
DBG 49830: Setting PIC (PIC) status to ok (action disable)
DBG 49830: Compile check gnulib (WITH_GNULD) (sub=0): gcc  -gstrict-dwarf -O2 -fPIC -Wall -Werror _mkltmpc812ux.c -o _mkltmpc812ux.c.o  -L/Users/laizhijing/Documents/大三/112-2/分散式系統/mid/Kafka_connect/node_modules/node-rdkafka/build/deps -shared -Wl,-soname,mkltest.0 
DBG 49830: compile check for gnulib (WITH_GNULD) failed: gcc  -gstrict-dwarf -O2 -fPIC -Wall -Werror _mkltmpc812ux.c -o _mkltmpc812ux.c.o  -L/Users/laizhijing/Documents/大三/112-2/分散式系統/mid/Kafka_connect/node_modules/node-rdkafka/build/deps -shared -Wl,-soname,mkltest.0 : ld: unknown option: -soname
clang: error: linker command failed with exit code 1 (use -v to see invocation)
DBG 49830: Setting gnulib (gnulib) status to failed (action cont)
DBG 49830: Check gnulib (WITH_GNULD, action cont (originally cont)) failed: compile check failed:
CC: CC
flags: -shared -Wl,-soname,mkltest.0
gcc  -gstrict-dwarf -O2 -fPIC -Wall -Werror _mkltmpc812ux.c -o _mkltmpc812ux.c.o  -L/Users/laizhijing/Documents/大三/112-2/分散式系統/mid/Kafka_connect/node_modules/node-rdkafka/build/deps -shared -Wl,-soname,mkltest.0 :
ld: unknown option: -soname
clang: error: linker command failed with exit code 1 (use -v to see invocation)
source: 
DBG 49830: Compile check osxlib (WITH_OSXLD) (sub=0): gcc  -gstrict-dwarf -O2 -fPIC -Wall -Werror _mkltmp8MaA24.c -o _mkltmp8MaA24.c.o  -L/Users/laizhijing/Documents/大三/112-2/分散式系統/mid/Kafka_connect/node_modules/node-rdkafka/build/deps -dynamiclib -Wl,-install_name,/tmp/mkltest.so.0 
DBG 49830: Setting osxlib (osxlib) status to ok (action cont)
DBG 49830: Compile check ldsflagvs () (sub=0): gcc  -gstrict-dwarf -O2 -fPIC -Wall -Werror _mkltmpEdyZaS.c -o _mkltmpEdyZaS.c.o  -L/Users/laizhijing/Documents/大三/112-2/分散式系統/mid/Kafka_connect/node_modules/node-rdkafka/build/deps -shared -Wl,--version-script=_mkltmpTtcHFL 
DBG 49830: compile check for ldsflagvs () failed: gcc  -gstrict-dwarf -O2 -fPIC -Wall -Werror _mkltmpEdyZaS.c -o _mkltmpEdyZaS.c.o  -L/Users/laizhijing/Documents/大三/112-2/分散式系統/mid/Kafka_connect/node_modules/node-rdkafka/build/deps -shared -Wl,--version-script=_mkltmpTtcHFL : ld: unknown option: --version-script=_mkltmpTtcHFL
clang: error: linker command failed with exit code 1 (use -v to see invocation)
DBG 49830: Setting ldsflagvs (ldsflagvs) status to failed (action cont)
DBG 49830: Check ldsflagvs (, action cont (originally cont)) failed: compile check failed:
CC: CC
flags: -shared -Wl,--version-script=_mkltmpTtcHFL
gcc  -gstrict-dwarf -O2 -fPIC -Wall -Werror _mkltmpEdyZaS.c -o _mkltmpEdyZaS.c.o  -L/Users/laizhijing/Documents/大三/112-2/分散式系統/mid/Kafka_connect/node_modules/node-rdkafka/build/deps -shared -Wl,--version-script=_mkltmpTtcHFL :
ld: unknown option: --version-script=_mkltmpTtcHFL
clang: error: linker command failed with exit code 1 (use -v to see invocation)
source: 
DBG 49830: Compile check ldsflagm () (sub=0): gcc  -gstrict-dwarf -O2 -fPIC -Wall -Werror _mkltmpC2qTDt.c -o _mkltmpC2qTDt.c.o  -L/Users/laizhijing/Documents/大三/112-2/分散式系統/mid/Kafka_connect/node_modules/node-rdkafka/build/deps -shared -Wl,-M_mkltmpTtcHFL 
DBG 49830: compile check for ldsflagm () failed: gcc  -gstrict-dwarf -O2 -fPIC -Wall -Werror _mkltmpC2qTDt.c -o _mkltmpC2qTDt.c.o  -L/Users/laizhijing/Documents/大三/112-2/分散式系統/mid/Kafka_connect/node_modules/node-rdkafka/build/deps -shared -Wl,-M_mkltmpTtcHFL : ld: unknown option: -M_mkltmpTtcHFL
clang: error: linker command failed with exit code 1 (use -v to see invocation)
DBG 49830: Setting ldsflagm (ldsflagm) status to failed (action ignore)
DBG 49830: Check ldsflagm (, action ignore (originally ignore)) failed: compile check failed:
CC: CC
flags: -shared -Wl,-M_mkltmpTtcHFL
gcc  -gstrict-dwarf -O2 -fPIC -Wall -Werror _mkltmpC2qTDt.c -o _mkltmpC2qTDt.c.o  -L/Users/laizhijing/Documents/大三/112-2/分散式系統/mid/Kafka_connect/node_modules/node-rdkafka/build/deps -shared -Wl,-M_mkltmpTtcHFL :
ld: unknown option: -M_mkltmpTtcHFL
clang: error: linker command failed with exit code 1 (use -v to see invocation)
source: 
DBG 49830: Compile check __atomic_32 (HAVE_ATOMICS_32) (sub=0): gcc  -gstrict-dwarf -O2 -fPIC -Wall -Werror _mkltmpQN9VF9.c -o _mkltmpQN9VF9.c.o  -L/Users/laizhijing/Documents/大三/112-2/分散式系統/mid/Kafka_connect/node_modules/node-rdkafka/build/deps  
DBG 49830: Setting __atomic_32 (__atomic_32) status to ok (action cont)
DBG 49830: Compile check __atomic_64 (HAVE_ATOMICS_64) (sub=0): gcc  -gstrict-dwarf -O2 -fPIC -Wall -Werror _mkltmpFtX3jd.c -o _mkltmpFtX3jd.c.o  -L/Users/laizhijing/Documents/大三/112-2/分散式系統/mid/Kafka_connect/node_modules/node-rdkafka/build/deps  
DBG 49830: Setting __atomic_64 (__atomic_64) status to ok (action cont)
DBG 49830: Compile check socket () (sub=0): gcc  -gstrict-dwarf -O2 -fPIC -Wall -Wsign-compare -Wfloat-equal -Wpointer-arith -Wcast-align -Wall -Werror _mkltmplDNApl.c -o _mkltmplDNApl.c.o  -L/Users/laizhijing/Documents/大三/112-2/分散式系統/mid/Kafka_connect/node_modules/node-rdkafka/build/deps  
DBG 49830: Setting socket (socket) status to ok (action cont)
DBG 49830: Setting parseversion (parseversion) status to ok (action cont)
DBG 49830: librt: Check for static library (libs -lrt, arfile variable STATIC_LIB_librt=, static filenames )
DBG 49830: Compile check librt () (sub=0): gcc  -gstrict-dwarf -O2 -fPIC -Wall -Wsign-compare -Wfloat-equal -Wpointer-arith -Wcast-align -Wall -Werror _mkltmpiF4Cix.c -o _mkltmpiF4Cix.c.o  -L/Users/laizhijing/Documents/大三/112-2/分散式系統/mid/Kafka_connect/node_modules/node-rdkafka/build/deps -lrt 
DBG 49830: compile check for librt () failed: gcc  -gstrict-dwarf -O2 -fPIC -Wall -Wsign-compare -Wfloat-equal -Wpointer-arith -Wcast-align -Wall -Werror _mkltmpiF4Cix.c -o _mkltmpiF4Cix.c.o  -L/Users/laizhijing/Documents/大三/112-2/分散式系統/mid/Kafka_connect/node_modules/node-rdkafka/build/deps -lrt : ld: library not found for -lrt
clang: error: linker command failed with exit code 1 (use -v to see invocation)
DBG 49830: Setting librt (librt) status to failed (action cont)
DBG 49830: Check librt (, action cont (originally cont)) failed: compile check failed:
CC: CC
flags: -lrt
gcc  -gstrict-dwarf -O2 -fPIC -Wall -Wsign-compare -Wfloat-equal -Wpointer-arith -Wcast-align -Wall -Werror _mkltmpiF4Cix.c -o _mkltmpiF4Cix.c.o  -L/Users/laizhijing/Documents/大三/112-2/分散式系統/mid/Kafka_connect/node_modules/node-rdkafka/build/deps -lrt :
ld: library not found for -lrt
clang: error: linker command failed with exit code 1 (use -v to see invocation)
source: 
DBG 49830: libpthread: Check for static library (libs -lpthread, arfile variable STATIC_LIB_libpthread=, static filenames )
DBG 49830: Compile check libpthread () (sub=0): gcc  -gstrict-dwarf -O2 -fPIC -Wall -Wsign-compare -Wfloat-equal -Wpointer-arith -Wcast-align -Wall -Werror _mkltmpcftDTC.c -o _mkltmpcftDTC.c.o  -L/Users/laizhijing/Documents/大三/112-2/分散式系統/mid/Kafka_connect/node_modules/node-rdkafka/build/deps -lpthread 
DBG 49830: Setting libpthread (libpthread) status to ok (action fail)
DBG 49830: libpthread: from lib_check: LIBS: prepend -lpthread
DBG 49830: c11threads: Check for static library (libs -lpthread, arfile variable STATIC_LIB_c11threads=, static filenames )
DBG 49830: Compile check c11threads (WITH_C11THREADS) (sub=0): gcc  -gstrict-dwarf -O2 -fPIC -Wall -Wsign-compare -Wfloat-equal -Wpointer-arith -Wcast-align -Wall -Werror _mkltmpo59rEh.c -o _mkltmpo59rEh.c.o  -L/Users/laizhijing/Documents/大三/112-2/分散式系統/mid/Kafka_connect/node_modules/node-rdkafka/build/deps -lpthread -lpthread
DBG 49830: compile check for c11threads (WITH_C11THREADS) failed: gcc  -gstrict-dwarf -O2 -fPIC -Wall -Wsign-compare -Wfloat-equal -Wpointer-arith -Wcast-align -Wall -Werror _mkltmpo59rEh.c -o _mkltmpo59rEh.c.o  -L/Users/laizhijing/Documents/大三/112-2/分散式系統/mid/Kafka_connect/node_modules/node-rdkafka/build/deps -lpthread -lpthread: _mkltmpo59rEh.c:2:10: fatal error: 'threads.h' file not found
#include <threads.h>
         ^~~~~~~~~~~
1 error generated.
DBG 49830: Setting c11threads (c11threads) status to failed (action disable)
DBG 49830: Check c11threads (WITH_C11THREADS, action disable (originally disable)) failed: compile check failed:
CC: CC
flags: -lpthread
gcc  -gstrict-dwarf -O2 -fPIC -Wall -Wsign-compare -Wfloat-equal -Wpointer-arith -Wcast-align -Wall -Werror _mkltmpo59rEh.c -o _mkltmpo59rEh.c.o  -L/Users/laizhijing/Documents/大三/112-2/分散式系統/mid/Kafka_connect/node_modules/node-rdkafka/build/deps -lpthread -lpthread:
_mkltmpo59rEh.c:2:10: fatal error: 'threads.h' file not found
#include <threads.h>
         ^~~~~~~~~~~
1 error generated.
source: 
#include <threads.h>


static int start_func (void *arg) {
   int iarg = *(int *)arg;
   return iarg;
}

void foo (void) {
    thrd_t thr;
    int arg = 1;
    if (thrd_create(&thr, start_func, (void *)&arg) != thrd_success) {
      ;
    }
}

DBG 49830: libdl: Check for static library (libs -ldl, arfile variable STATIC_LIB_libdl=, static filenames )
DBG 49830: Compile check libdl (WITH_LIBDL) (sub=0): gcc  -gstrict-dwarf -O2 -fPIC -Wall -Wsign-compare -Wfloat-equal -Wpointer-arith -Wcast-align -Wall -Werror _mkltmpW2kJrY.c -o _mkltmpW2kJrY.c.o  -L/Users/laizhijing/Documents/大三/112-2/分散式系統/mid/Kafka_connect/node_modules/node-rdkafka/build/deps -ldl -lpthread
DBG 49830: Setting libdl (libdl) status to ok (action disable)
DBG 49830: libdl: from lib_check: LIBS: prepend -ldl
DBG 49830: zlib: Check for static library (libs -lz, arfile variable STATIC_LIB_zlib=, static filenames libz.a)
DBG 49830: Compile check zlib (WITH_ZLIB) (sub=0): gcc  -gstrict-dwarf -O2 -fPIC -Wall -Wsign-compare -Wfloat-equal -Wpointer-arith -Wcast-align -Wall -Werror _mkltmpoVG0f3.c -o _mkltmpoVG0f3.c.o  -L/Users/laizhijing/Documents/大三/112-2/分散式系統/mid/Kafka_connect/node_modules/node-rdkafka/build/deps -lz -ldl -lpthread
DBG 49830: Setting zlib (zlib) status to ok (action disable)
DBG 49830: zlib: from lib_check: LIBS: prepend -lz
DBG 49830: libcrypto: Check for static library (libs -lcrypto, arfile variable STATIC_LIB_libcrypto=, static filenames libcrypto.a)
DBG 49830: Compile check libcrypto () (sub=0): gcc  -gstrict-dwarf -O2 -fPIC -Wall -Wsign-compare -Wfloat-equal -Wpointer-arith -Wcast-align -Wall -Werror _mkltmpJzBbzV.c -o _mkltmpJzBbzV.c.o  -L/Users/laizhijing/Documents/大三/112-2/分散式系統/mid/Kafka_connect/node_modules/node-rdkafka/build/deps -lcrypto -lz -ldl -lpthread
DBG 49830: compile check for libcrypto () failed: gcc  -gstrict-dwarf -O2 -fPIC -Wall -Wsign-compare -Wfloat-equal -Wpointer-arith -Wcast-align -Wall -Werror _mkltmpJzBbzV.c -o _mkltmpJzBbzV.c.o  -L/Users/laizhijing/Documents/大三/112-2/分散式系統/mid/Kafka_connect/node_modules/node-rdkafka/build/deps -lcrypto -lz -ldl -lpthread: _mkltmpJzBbzV.c:2:10: fatal error: 'openssl/ssl.h' file not found
#include <openssl/ssl.h>
         ^~~~~~~~~~~~~~~
1 error generated.
DBG 49830: Setting libcrypto (libcrypto) status to failed (action disable)
DBG 49830: Check libcrypto (, action disable (originally disable)) failed: compile check failed:
CC: CC
flags: -lcrypto
gcc  -gstrict-dwarf -O2 -fPIC -Wall -Wsign-compare -Wfloat-equal -Wpointer-arith -Wcast-align -Wall -Werror _mkltmpJzBbzV.c -o _mkltmpJzBbzV.c.o  -L/Users/laizhijing/Documents/大三/112-2/分散式系統/mid/Kafka_connect/node_modules/node-rdkafka/build/deps -lcrypto -lz -ldl -lpthread:
_mkltmpJzBbzV.c:2:10: fatal error: 'openssl/ssl.h' file not found
#include <openssl/ssl.h>
         ^~~~~~~~~~~~~~~
1 error generated.
source: 
#include <openssl/ssl.h>
#include <openssl/evp.h>
#if OPENSSL_VERSION_NUMBER < 0x1000100fL
#error "Requires OpenSSL version >= v1.0.1"
#endif
DBG 49830: libsasl2: Check for static library (libs -lsasl2, arfile variable STATIC_LIB_libsasl2=, static filenames )
DBG 49830: Compile check libsasl2 (WITH_SASL_CYRUS) (sub=0): gcc  -gstrict-dwarf -O2 -fPIC -Wall -Wsign-compare -Wfloat-equal -Wpointer-arith -Wcast-align -Wall -Werror _mkltmpjxI7LQ.c -o _mkltmpjxI7LQ.c.o  -L/Users/laizhijing/Documents/大三/112-2/分散式系統/mid/Kafka_connect/node_modules/node-rdkafka/build/deps -lsasl2 -lz -ldl -lpthread
DBG 49830: Setting libsasl2 (libsasl2) status to ok (action disable)
DBG 49830: libsasl2: from lib_check: LIBS: prepend -lsasl2
DBG 49830: libzstd: Check for static library (libs -lzstd, arfile variable STATIC_LIB_libzstd=, static filenames libzstd.a)
DBG 49830: Compile check libzstd (WITH_ZSTD) (sub=0): gcc  -gstrict-dwarf -O2 -fPIC -Wall -Wsign-compare -Wfloat-equal -Wpointer-arith -Wcast-align -Wall -Werror _mkltmpFoHmr1.c -o _mkltmpFoHmr1.c.o  -L/Users/laizhijing/Documents/大三/112-2/分散式系統/mid/Kafka_connect/node_modules/node-rdkafka/build/deps -lzstd -lsasl2 -lz -ldl -lpthread
DBG 49830: compile check for libzstd (WITH_ZSTD) failed: gcc  -gstrict-dwarf -O2 -fPIC -Wall -Wsign-compare -Wfloat-equal -Wpointer-arith -Wcast-align -Wall -Werror _mkltmpFoHmr1.c -o _mkltmpFoHmr1.c.o  -L/Users/laizhijing/Documents/大三/112-2/分散式系統/mid/Kafka_connect/node_modules/node-rdkafka/build/deps -lzstd -lsasl2 -lz -ldl -lpthread: _mkltmpFoHmr1.c:2:10: fatal error: 'zstd.h' file not found
#include <zstd.h>
         ^~~~~~~~
1 error generated.
DBG 49830: Setting libzstd (libzstd) status to failed (action disable)
DBG 49830: Check libzstd (WITH_ZSTD, action disable (originally disable)) failed: compile check failed:
CC: CC
flags: -lzstd
gcc  -gstrict-dwarf -O2 -fPIC -Wall -Wsign-compare -Wfloat-equal -Wpointer-arith -Wcast-align -Wall -Werror _mkltmpFoHmr1.c -o _mkltmpFoHmr1.c.o  -L/Users/laizhijing/Documents/大三/112-2/分散式系統/mid/Kafka_connect/node_modules/node-rdkafka/build/deps -lzstd -lsasl2 -lz -ldl -lpthread:
_mkltmpFoHmr1.c:2:10: fatal error: 'zstd.h' file not found
#include <zstd.h>
         ^~~~~~~~
1 error generated.
source: 
#include <zstd.h>
#include <zstd_errors.h>

void foo (void) {
     ZSTD_getFrameContentSize(NULL, 0);
}

DBG 49830: libcurl: Check for static library (libs -lcurl, arfile variable STATIC_LIB_libcurl=, static filenames libcurl.a)
DBG 49830: Compile check libcurl (WITH_CURL) (sub=0): gcc  -gstrict-dwarf -O2 -fPIC -Wall -Wsign-compare -Wfloat-equal -Wpointer-arith -Wcast-align -Wall -Werror _mkltmpbCzmEP.c -o _mkltmpbCzmEP.c.o  -L/Users/laizhijing/Documents/大三/112-2/分散式系統/mid/Kafka_connect/node_modules/node-rdkafka/build/deps -lcurl -lsasl2 -lz -ldl -lpthread
DBG 49830: Setting libcurl (libcurl) status to ok (action disable)
DBG 49830: libcurl: from lib_check: LIBS: prepend -lcurl
DBG 49830: libm: Check for static library (libs -lm, arfile variable STATIC_LIB_libm=, static filenames )
DBG 49830: Compile check libm () (sub=0): gcc  -gstrict-dwarf -O2 -fPIC -Wall -Wsign-compare -Wfloat-equal -Wpointer-arith -Wcast-align -Wall -Werror _mkltmpn1cJNt.c -o _mkltmpn1cJNt.c.o  -L/Users/laizhijing/Documents/大三/112-2/分散式系統/mid/Kafka_connect/node_modules/node-rdkafka/build/deps -lm -lcurl -lsasl2 -lz -ldl -lpthread
DBG 49830: Setting libm (libm) status to ok (action disable)
DBG 49830: libm: from lib_check: LIBS: prepend -lm
DBG 49830: liblz4: Check for static library (libs -llz4, arfile variable STATIC_LIB_liblz4=, static filenames liblz4.a)
DBG 49830: Compile check liblz4 (WITH_LZ4_EXT) (sub=0): gcc  -gstrict-dwarf -O2 -fPIC -Wall -Wsign-compare -Wfloat-equal -Wpointer-arith -Wcast-align -Wall -Werror _mkltmpDMQAP3.c -o _mkltmpDMQAP3.c.o  -L/Users/laizhijing/Documents/大三/112-2/分散式系統/mid/Kafka_connect/node_modules/node-rdkafka/build/deps -llz4 -lm -lcurl -lsasl2 -lz -ldl -lpthread
DBG 49830: compile check for liblz4 (WITH_LZ4_EXT) failed: gcc  -gstrict-dwarf -O2 -fPIC -Wall -Wsign-compare -Wfloat-equal -Wpointer-arith -Wcast-align -Wall -Werror _mkltmpDMQAP3.c -o _mkltmpDMQAP3.c.o  -L/Users/laizhijing/Documents/大三/112-2/分散式系統/mid/Kafka_connect/node_modules/node-rdkafka/build/deps -llz4 -lm -lcurl -lsasl2 -lz -ldl -lpthread: _mkltmpDMQAP3.c:1:10: fatal error: 'lz4frame.h' file not found
#include <lz4frame.h>
         ^~~~~~~~~~~~
1 error generated.
DBG 49830: Setting liblz4 (liblz4) status to failed (action disable)
DBG 49830: Check liblz4 (WITH_LZ4_EXT, action disable (originally disable)) failed: compile check failed:
CC: CC
flags: -llz4
gcc  -gstrict-dwarf -O2 -fPIC -Wall -Wsign-compare -Wfloat-equal -Wpointer-arith -Wcast-align -Wall -Werror _mkltmpDMQAP3.c -o _mkltmpDMQAP3.c.o  -L/Users/laizhijing/Documents/大三/112-2/分散式系統/mid/Kafka_connect/node_modules/node-rdkafka/build/deps -llz4 -lm -lcurl -lsasl2 -lz -ldl -lpthread:
_mkltmpDMQAP3.c:1:10: fatal error: 'lz4frame.h' file not found
#include <lz4frame.h>
         ^~~~~~~~~~~~
1 error generated.
source: #include <lz4frame.h>
DBG 49830: Compile check syslog (WITH_SYSLOG) (sub=0): gcc  -gstrict-dwarf -O2 -fPIC -Wall -Wsign-compare -Wfloat-equal -Wpointer-arith -Wcast-align -Wall -Werror _mkltmpbugwpB.c -o _mkltmpbugwpB.c.o  -L/Users/laizhijing/Documents/大三/112-2/分散式系統/mid/Kafka_connect/node_modules/node-rdkafka/build/deps  -lm -lcurl -lsasl2 -lz -ldl -lpthread
DBG 49830: Setting syslog (syslog) status to ok (action disable)
DBG 49830: Compile check rapidjson (WITH_RAPIDJSON) (sub=0): g++  -gstrict-dwarf -O2 -fPIC -Wall -Wsign-compare -Wfloat-equal -Wpointer-arith -Wcast-align -Wall -Werror _mkltmpSo8ose.cpp -o _mkltmpSo8ose.cpp.o  -L/Users/laizhijing/Documents/大三/112-2/分散式系統/mid/Kafka_connect/node_modules/node-rdkafka/build/deps  -lm -lcurl -lsasl2 -lz -ldl -lpthread
DBG 49830: compile check for rapidjson (WITH_RAPIDJSON) failed: g++  -gstrict-dwarf -O2 -fPIC -Wall -Wsign-compare -Wfloat-equal -Wpointer-arith -Wcast-align -Wall -Werror _mkltmpSo8ose.cpp -o _mkltmpSo8ose.cpp.o  -L/Users/laizhijing/Documents/大三/112-2/分散式系統/mid/Kafka_connect/node_modules/node-rdkafka/build/deps  -lm -lcurl -lsasl2 -lz -ldl -lpthread: _mkltmpSo8ose.cpp:1:10: fatal error: 'rapidjson/schema.h' file not found
#include <rapidjson/schema.h>
         ^~~~~~~~~~~~~~~~~~~~
1 error generated.
DBG 49830: Setting rapidjson (rapidjson) status to failed (action disable)
DBG 49830: Check rapidjson (WITH_RAPIDJSON, action disable (originally disable)) failed: compile check failed:
CC: CXX
flags: 
g++  -gstrict-dwarf -O2 -fPIC -Wall -Wsign-compare -Wfloat-equal -Wpointer-arith -Wcast-align -Wall -Werror _mkltmpSo8ose.cpp -o _mkltmpSo8ose.cpp.o  -L/Users/laizhijing/Documents/大三/112-2/分散式系統/mid/Kafka_connect/node_modules/node-rdkafka/build/deps  -lm -lcurl -lsasl2 -lz -ldl -lpthread:
_mkltmpSo8ose.cpp:1:10: fatal error: 'rapidjson/schema.h' file not found
#include <rapidjson/schema.h>
         ^~~~~~~~~~~~~~~~~~~~
1 error generated.
source: #include <rapidjson/schema.h>
DBG 49830: Compile check crc32chw (WITH_CRC32C_HW) (sub=0): gcc  -gstrict-dwarf -O2 -fPIC -Wall -Wsign-compare -Wfloat-equal -Wpointer-arith -Wcast-align -Wall -Werror _mkltmpuEVaiq.c -o _mkltmpuEVaiq.c.o  -L/Users/laizhijing/Documents/大三/112-2/分散式系統/mid/Kafka_connect/node_modules/node-rdkafka/build/deps  -lm -lcurl -lsasl2 -lz -ldl -lpthread
DBG 49830: Setting crc32chw (crc32chw) status to ok (action disable)
DBG 49830: Compile check regex (HAVE_REGEX) (sub=0): gcc  -gstrict-dwarf -O2 -fPIC -Wall -Wsign-compare -Wfloat-equal -Wpointer-arith -Wcast-align -Wall -Werror _mkltmplkCvFw.c -o _mkltmplkCvFw.c.o  -L/Users/laizhijing/Documents/大三/112-2/分散式系統/mid/Kafka_connect/node_modules/node-rdkafka/build/deps  -lm -lcurl -lsasl2 -lz -ldl -lpthread
DBG 49830: Setting regex (regex) status to ok (action disable)
DBG 49830: Compile check rand_r (HAVE_RAND_R) (sub=0): gcc  -gstrict-dwarf -O2 -fPIC -Wall -Wsign-compare -Wfloat-equal -Wpointer-arith -Wcast-align -Wall -Werror _mkltmpyFjabE.c -o _mkltmpyFjabE.c.o  -L/Users/laizhijing/Documents/大三/112-2/分散式系統/mid/Kafka_connect/node_modules/node-rdkafka/build/deps  -lm -lcurl -lsasl2 -lz -ldl -lpthread
DBG 49830: Setting rand_r (rand_r) status to ok (action disable)
DBG 49830: Compile check strndup (HAVE_STRNDUP) (sub=0): gcc  -gstrict-dwarf -O2 -fPIC -Wall -Wsign-compare -Wfloat-equal -Wpointer-arith -Wcast-align -Wall -Werror _mkltmpu9hDA2.c -o _mkltmpu9hDA2.c.o  -L/Users/laizhijing/Documents/大三/112-2/分散式系統/mid/Kafka_connect/node_modules/node-rdkafka/build/deps  -lm -lcurl -lsasl2 -lz -ldl -lpthread
DBG 49830: Setting strndup (strndup) status to ok (action disable)
DBG 49830: Compile check strlcpy (HAVE_STRLCPY) (sub=0): gcc  -gstrict-dwarf -O2 -fPIC -Wall -Wsign-compare -Wfloat-equal -Wpointer-arith -Wcast-align -Wall -Werror _mkltmpzm2BoH.c -o _mkltmpzm2BoH.c.o  -L/Users/laizhijing/Documents/大三/112-2/分散式系統/mid/Kafka_connect/node_modules/node-rdkafka/build/deps  -lm -lcurl -lsasl2 -lz -ldl -lpthread
DBG 49830: Setting strlcpy (strlcpy) status to ok (action disable)
DBG 49830: Compile check strerror_r (HAVE_STRERROR_R) (sub=0): gcc  -gstrict-dwarf -O2 -fPIC -Wall -Wsign-compare -Wfloat-equal -Wpointer-arith -Wcast-align -Wall -Werror _mkltmpAe96Yg.c -o _mkltmpAe96Yg.c.o  -L/Users/laizhijing/Documents/大三/112-2/分散式系統/mid/Kafka_connect/node_modules/node-rdkafka/build/deps  -lm -lcurl -lsasl2 -lz -ldl -lpthread
DBG 49830: Setting strerror_r (strerror_r) status to ok (action disable)
DBG 49830: Compile check strcasestr (HAVE_STRCASESTR) (sub=0): gcc  -gstrict-dwarf -O2 -fPIC -Wall -Wsign-compare -Wfloat-equal -Wpointer-arith -Wcast-align -Wall -Werror _mkltmpjzC3cv.c -o _mkltmpjzC3cv.c.o  -L/Users/laizhijing/Documents/大三/112-2/分散式系統/mid/Kafka_connect/node_modules/node-rdkafka/build/deps  -lm -lcurl -lsasl2 -lz -ldl -lpthread
DBG 49830: Setting strcasestr (strcasestr) status to ok (action disable)
DBG 49830: Compile check pthread_setname_gnu (HAVE_PTHREAD_SETNAME_GNU) (sub=0): gcc  -gstrict-dwarf -O2 -fPIC -Wall -Wsign-compare -Wfloat-equal -Wpointer-arith -Wcast-align -Wall -Werror _mkltmp7m4ccu.c -o _mkltmp7m4ccu.c.o  -L/Users/laizhijing/Documents/大三/112-2/分散式系統/mid/Kafka_connect/node_modules/node-rdkafka/build/deps -D_GNU_SOURCE -lpthread -lm -lcurl -lsasl2 -lz -ldl -lpthread
DBG 49830: compile check for pthread_setname_gnu (HAVE_PTHREAD_SETNAME_GNU) failed: gcc  -gstrict-dwarf -O2 -fPIC -Wall -Wsign-compare -Wfloat-equal -Wpointer-arith -Wcast-align -Wall -Werror _mkltmp7m4ccu.c -o _mkltmp7m4ccu.c.o  -L/Users/laizhijing/Documents/大三/112-2/分散式系統/mid/Kafka_connect/node_modules/node-rdkafka/build/deps -D_GNU_SOURCE -lpthread -lm -lcurl -lsasl2 -lz -ldl -lpthread: _mkltmp7m4ccu.c:5:38: error: too many arguments to function call, expected 1, have 2
  pthread_setname_np(pthread_self(), "abc");
  ~~~~~~~~~~~~~~~~~~                 ^~~~~
/Library/Developer/CommandLineTools/SDKs/MacOSX.sdk/usr/include/pthread.h:512:1: note: 'pthread_setname_np' declared here
__API_AVAILABLE(macos(10.6), ios(3.2))
^
/Library/Developer/CommandLineTools/SDKs/MacOSX.sdk/usr/include/Availability.h:504:162: note: expanded from macro '__API_AVAILABLE'
    #define __API_AVAILABLE(...) __API_AVAILABLE_GET_MACRO(__VA_ARGS__,__API_AVAILABLE7, __API_AVAILABLE6, __API_AVAILABLE5, __API_AVAILABLE4, __API_AVAILABLE3, __API_AVAILABLE2, __API_AVAILABLE1, 0)(__VA_ARGS__)
                                                                                                                                                                 ^
1 error generated.
DBG 49830: Setting pthread_setname_gnu (pthread_setname_gnu) status to failed (action disable)
DBG 49830: Check pthread_setname_gnu (HAVE_PTHREAD_SETNAME_GNU, action disable (originally disable)) failed: compile check failed:
CC: CC
flags: -D_GNU_SOURCE -lpthread
gcc  -gstrict-dwarf -O2 -fPIC -Wall -Wsign-compare -Wfloat-equal -Wpointer-arith -Wcast-align -Wall -Werror _mkltmp7m4ccu.c -o _mkltmp7m4ccu.c.o  -L/Users/laizhijing/Documents/大三/112-2/分散式系統/mid/Kafka_connect/node_modules/node-rdkafka/build/deps -D_GNU_SOURCE -lpthread -lm -lcurl -lsasl2 -lz -ldl -lpthread:
_mkltmp7m4ccu.c:5:38: error: too many arguments to function call, expected 1, have 2
  pthread_setname_np(pthread_self(), "abc");
  ~~~~~~~~~~~~~~~~~~                 ^~~~~
/Library/Developer/CommandLineTools/SDKs/MacOSX.sdk/usr/include/pthread.h:512:1: note: 'pthread_setname_np' declared here
__API_AVAILABLE(macos(10.6), ios(3.2))
^
/Library/Developer/CommandLineTools/SDKs/MacOSX.sdk/usr/include/Availability.h:504:162: note: expanded from macro '__API_AVAILABLE'
    #define __API_AVAILABLE(...) __API_AVAILABLE_GET_MACRO(__VA_ARGS__,__API_AVAILABLE7, __API_AVAILABLE6, __API_AVAILABLE5, __API_AVAILABLE4, __API_AVAILABLE3, __API_AVAILABLE2, __API_AVAILABLE1, 0)(__VA_ARGS__)
                                                                                                                                                                 ^
1 error generated.
source: 
#include <pthread.h>

void foo (void) {
  pthread_setname_np(pthread_self(), "abc");
}

DBG 49830: Compile check pthread_setname_darwin (HAVE_PTHREAD_SETNAME_DARWIN) (sub=0): gcc  -gstrict-dwarf -O2 -fPIC -Wall -Wsign-compare -Wfloat-equal -Wpointer-arith -Wcast-align -Wall -Werror _mkltmpuCBaAV.c -o _mkltmpuCBaAV.c.o  -L/Users/laizhijing/Documents/大三/112-2/分散式系統/mid/Kafka_connect/node_modules/node-rdkafka/build/deps -D_DARWIN_C_SOURCE -lpthread -lm -lcurl -lsasl2 -lz -ldl -lpthread
DBG 49830: Setting pthread_setname_darwin (pthread_setname_darwin) status to ok (action disable)
DBG 49830: Setting nm (nm) status to ok (action cont)
DBG 49830: Compile check getrusage (HAVE_GETRUSAGE) (sub=0): gcc  -gstrict-dwarf -O2 -fPIC -Wall -Wsign-compare -Wfloat-equal -Wpointer-arith -Wcast-align -Wall -Werror _mkltmpiAm3iS.c -o _mkltmpiAm3iS.c.o  -L/Users/laizhijing/Documents/大三/112-2/分散式系統/mid/Kafka_connect/node_modules/node-rdkafka/build/deps  -lm -lcurl -lsasl2 -lz -ldl -lpthread
DBG 49830: Setting getrusage (getrusage) status to ok (action disable)
